This is LuaHBTeX, Version 1.18.0 (TeX Live 2024/nixos.org)  (format=lualatex 1980.1.1)  26 FEB 2025 11:24
 restricted system commands enabled.
**notes_nmu_alg_1_2024.tex
(./notes_nmu_alg_1_2024.tex
LaTeX2e <2024-06-01> patch level 2
L3 programming layer <2024-10-09>
Lua module: luaotfload 2024-02-14 3.28 Lua based OpenType font support
Lua module: lualibs 2023-07-13 2.76 ConTeXt Lua standard libraries.
Lua module: lualibs-extended 2023-07-13 2.76 ConTeXt Lua libraries -- extended c
ollection.
luaotfload | conf : Root cache directory is "/Users/giorno/.texlive2024/texmf-va
r/luatex-cache/generic/names".
luaotfload | init : Loading fontloader "fontloader-2023-12-28.lua" from kpse-res
olved path "/nix/store/x5kcgsgqvfy71nk7xq6899qzx0k2r4p6-texlive-2024-env-texmfdi
st/tex/luatex/luaotfload/fontloader-2023-12-28.lua".
Lua-only attribute luaotfload@noligature = 1
luaotfload | init : Context OpenType loader version 3.134
Inserting `luaotfload.node_processor' in `pre_linebreak_filter'.
Inserting `luaotfload.node_processor' in `hpack_filter'.
Inserting `luaotfload.glyph_stream' in `glyph_stream_provider'.
Inserting `luaotfload.define_font' in `define_font'.
Lua-only attribute luaotfload_color_attribute = 2
luaotfload | conf : Root cache directory is "/Users/giorno/.texlive2024/texmf-va
r/luatex-cache/generic/names".
Inserting `luaotfload.harf.strip_prefix' in `find_opentype_file'.
Inserting `luaotfload.harf.strip_prefix' in `find_truetype_file'.
Removing  `luaotfload.glyph_stream' from `glyph_stream_provider'.
Inserting `luaotfload.harf.glyphstream' in `glyph_stream_provider'.
Inserting `luaotfload.harf.finalize_vlist' in `post_linebreak_filter'.
Inserting `luaotfload.harf.finalize_hlist' in `hpack_filter'.
Inserting `luaotfload.cleanup_files' in `wrapup_run'.
Inserting `luaotfload.harf.finalize_unicode' in `finish_pdffile'.
Inserting `luaotfload.glyphinfo' in `glyph_info'.
Lua-only attribute luaotfload.letterspace_done = 3
Inserting `luaotfload.aux.set_sscale_dimens' in `luaotfload.patch_font'.
Inserting `luaotfload.aux.set_font_index' in `luaotfload.patch_font'.
Inserting `luaotfload.aux.patch_cambria_domh' in `luaotfload.patch_font'.
Inserting `luaotfload.aux.fixup_fontdata' in `luaotfload.patch_font_unsafe'.
Inserting `luaotfload.aux.set_capheight' in `luaotfload.patch_font'.
Inserting `luaotfload.aux.set_xheight' in `luaotfload.patch_font'.
Inserting `luaotfload.rewrite_fontname' in `luaotfload.patch_font'.
Inserting `tracingstacklevels' in `input_level_string'.
(/nix/store/x5kcgsgqvfy71nk7xq6899qzx0k2r4p6-texlive-2024-env-texmfdist/tex/lat
ex/base/book.cls
Document Class: book 2024/02/08 v1.4n Standard LaTeX document class

(/nix/store/x5kcgsgqvfy71nk7xq6899qzx0k2r4p6-texlive-2024-env-texmfdist/tex/lat
ex/base/bk12.clo
File: bk12.clo 2024/02/08 v1.4n Standard LaTeX file (size option)
luaotfload | db : Font names database loaded from /Users/giorno/.texlive2024/tex
mf-var/luatex-cache/generic/names/luaotfload-names.luc.gz)
\c@part=\count192
\c@chapter=\count193
\c@section=\count194
\c@subsection=\count195
\c@subsubsection=\count196
\c@paragraph=\count197
\c@subparagraph=\count198
\c@figure=\count199
\c@table=\count266
\abovecaptionskip=\skip49
\belowcaptionskip=\skip50
\bibindent=\dimen140
)
(/nix/store/x5kcgsgqvfy71nk7xq6899qzx0k2r4p6-texlive-2024-env-texmfdist/tex/lat
ex/amsmath/amsmath.sty
Package: amsmath 2024/05/23 v2.17q AMS math features
\@mathmargin=\skip51

For additional information on amsmath, use the `?' option.

(/nix/store/x5kcgsgqvfy71nk7xq6899qzx0k2r4p6-texlive-2024-env-texmfdist/tex/lat
ex/amsmath/amstext.sty
Package: amstext 2021/08/26 v2.01 AMS text

(/nix/store/x5kcgsgqvfy71nk7xq6899qzx0k2r4p6-texlive-2024-env-texmfdist/tex/lat
ex/amsmath/amsgen.sty
File: amsgen.sty 1999/11/30 v2.0 generic functions
\@emptytoks=\toks17
\ex@=\dimen141
))
(/nix/store/x5kcgsgqvfy71nk7xq6899qzx0k2r4p6-texlive-2024-env-texmfdist/tex/lat
ex/amsmath/amsbsy.sty
Package: amsbsy 1999/11/29 v1.2d Bold Symbols
\pmbraise@=\dimen142
)
(/nix/store/x5kcgsgqvfy71nk7xq6899qzx0k2r4p6-texlive-2024-env-texmfdist/tex/lat
ex/amsmath/amsopn.sty
Package: amsopn 2022/04/08 v2.04 operator names
)
\inf@bad=\count267
LaTeX Info: Redefining \frac on input line 235.
\uproot@=\count268
\leftroot@=\count269
LaTeX Info: Redefining \overline on input line 398.
LaTeX Info: Redefining \colon on input line 409.
\classnum@=\count270
\DOTSCASE@=\count271
LaTeX Info: Redefining \ldots on input line 495.
LaTeX Info: Redefining \dots on input line 498.
LaTeX Info: Redefining \cdots on input line 619.
\Mathstrutbox@=\box52
\strutbox@=\box53
LaTeX Info: Redefining \big on input line 721.
LaTeX Info: Redefining \Big on input line 722.
LaTeX Info: Redefining \bigg on input line 723.
LaTeX Info: Redefining \Bigg on input line 724.
\big@size=\dimen143
LaTeX Font Info:    Redeclaring font encoding OML on input line 742.
LaTeX Font Info:    Redeclaring font encoding OMS on input line 743.
\macc@depth=\count272
LaTeX Info: Redefining \bmod on input line 904.
LaTeX Info: Redefining \pmod on input line 909.
LaTeX Info: Redefining \smash on input line 939.
LaTeX Info: Redefining \relbar on input line 969.
LaTeX Info: Redefining \Relbar on input line 970.
\c@MaxMatrixCols=\count273
\dotsspace@=\muskip17
\c@parentequation=\count274
\dspbrk@lvl=\count275
\tag@help=\toks18
\row@=\count276
\column@=\count277
\maxfields@=\count278
\andhelp@=\toks19
\eqnshift@=\dimen144
\alignsep@=\dimen145
\tagshift@=\dimen146
\tagwidth@=\dimen147
\totwidth@=\dimen148
\lineht@=\dimen149
\@envbody=\toks20
\multlinegap=\skip52
\multlinetaggap=\skip53
\mathdisplay@stack=\toks21
LaTeX Info: Redefining \[ on input line 2953.
LaTeX Info: Redefining \] on input line 2954.
)
(/nix/store/x5kcgsgqvfy71nk7xq6899qzx0k2r4p6-texlive-2024-env-texmfdist/tex/lat
ex/amsfonts/amssymb.sty
Package: amssymb 2013/01/14 v3.01 AMS font symbols

(/nix/store/x5kcgsgqvfy71nk7xq6899qzx0k2r4p6-texlive-2024-env-texmfdist/tex/lat
ex/amsfonts/amsfonts.sty
Package: amsfonts 2013/01/14 v3.01 Basic AMSFonts support
\symAMSa=\mathgroup4
\symAMSb=\mathgroup5
LaTeX Font Info:    Redeclaring math symbol \hbar on input line 98.
LaTeX Font Info:    Overwriting math alphabet `\mathfrak' in version `bold'
(Font)                  U/euf/m/n --> U/euf/b/n on input line 106.
))
(/nix/store/x5kcgsgqvfy71nk7xq6899qzx0k2r4p6-texlive-2024-env-texmfdist/tex/lat
ex/hyperref/hyperref.sty
Package: hyperref 2024-07-10 v7.01j Hypertext links for LaTeX

(/nix/store/x5kcgsgqvfy71nk7xq6899qzx0k2r4p6-texlive-2024-env-texmfdist/tex/gen
eric/iftex/iftex.sty
Package: iftex 2022/02/03 v1.0f TeX engine tests
)
(/nix/store/x5kcgsgqvfy71nk7xq6899qzx0k2r4p6-texlive-2024-env-texmfdist/tex/lat
ex/graphics/keyval.sty
Package: keyval 2022/05/29 v1.15 key=value parser (DPC)
\KV@toks@=\toks22
)
(/nix/store/x5kcgsgqvfy71nk7xq6899qzx0k2r4p6-texlive-2024-env-texmfdist/tex/lat
ex/kvsetkeys/kvsetkeys.sty
Package: kvsetkeys 2022-10-05 v1.19 Key value parser (HO)
)
(/nix/store/x5kcgsgqvfy71nk7xq6899qzx0k2r4p6-texlive-2024-env-texmfdist/tex/gen
eric/kvdefinekeys/kvdefinekeys.sty
Package: kvdefinekeys 2019-12-19 v1.6 Define keys (HO)
)
(/nix/store/x5kcgsgqvfy71nk7xq6899qzx0k2r4p6-texlive-2024-env-texmfdist/tex/gen
eric/pdfescape/pdfescape.sty
Package: pdfescape 2019/12/09 v1.15 Implements pdfTeX's escape features (HO)

(/nix/store/x5kcgsgqvfy71nk7xq6899qzx0k2r4p6-texlive-2024-env-texmfdist/tex/gen
eric/ltxcmds/ltxcmds.sty
Package: ltxcmds 2023-12-04 v1.26 LaTeX kernel commands for general use (HO)
)
(/nix/store/x5kcgsgqvfy71nk7xq6899qzx0k2r4p6-texlive-2024-env-texmfdist/tex/gen
eric/pdftexcmds/pdftexcmds.sty
Package: pdftexcmds 2020-06-27 v0.33 Utility functions of pdfTeX for LuaTeX (HO
)

(/nix/store/x5kcgsgqvfy71nk7xq6899qzx0k2r4p6-texlive-2024-env-texmfdist/tex/gen
eric/infwarerr/infwarerr.sty
Package: infwarerr 2019/12/03 v1.5 Providing info/warning/error messages (HO)
)
Package pdftexcmds Info: \pdf@primitive is available.
Package pdftexcmds Info: \pdf@ifprimitive is available.
Package pdftexcmds Info: \pdfdraftmode found.
\pdftexcmds@toks=\toks23
))
(/nix/store/x5kcgsgqvfy71nk7xq6899qzx0k2r4p6-texlive-2024-env-texmfdist/tex/lat
ex/hycolor/hycolor.sty
Package: hycolor 2020-01-27 v1.10 Color options for hyperref/bookmark (HO)
)
(/nix/store/x5kcgsgqvfy71nk7xq6899qzx0k2r4p6-texlive-2024-env-texmfdist/tex/lat
ex/hyperref/nameref.sty
Package: nameref 2023-11-26 v2.56 Cross-referencing by name of section

(/nix/store/x5kcgsgqvfy71nk7xq6899qzx0k2r4p6-texlive-2024-env-texmfdist/tex/lat
ex/refcount/refcount.sty
Package: refcount 2019/12/15 v3.6 Data extraction from label references (HO)
)
(/nix/store/x5kcgsgqvfy71nk7xq6899qzx0k2r4p6-texlive-2024-env-texmfdist/tex/gen
eric/gettitlestring/gettitlestring.sty
Package: gettitlestring 2019/12/15 v1.6 Cleanup title references (HO)

(/nix/store/x5kcgsgqvfy71nk7xq6899qzx0k2r4p6-texlive-2024-env-texmfdist/tex/lat
ex/kvoptions/kvoptions.sty
Package: kvoptions 2022-06-15 v3.15 Key value format for package options (HO)
))
\c@section@level=\count279
)
(/nix/store/x5kcgsgqvfy71nk7xq6899qzx0k2r4p6-texlive-2024-env-texmfdist/tex/lat
ex/etoolbox/etoolbox.sty
Package: etoolbox 2020/10/05 v2.5k e-TeX tools for LaTeX (JAW)
\etb@tempcnta=\count280
)
(/nix/store/x5kcgsgqvfy71nk7xq6899qzx0k2r4p6-texlive-2024-env-texmfdist/tex/gen
eric/stringenc/stringenc.sty
Package: stringenc 2019/11/29 v1.12 Convert strings between diff. encodings (HO
)
)
\@linkdim=\dimen150
\Hy@linkcounter=\count281
\Hy@pagecounter=\count282

(/nix/store/x5kcgsgqvfy71nk7xq6899qzx0k2r4p6-texlive-2024-env-texmfdist/tex/lat
ex/hyperref/pd1enc.def
File: pd1enc.def 2024-07-10 v7.01j Hyperref: PDFDocEncoding definition (HO)
)
(/nix/store/x5kcgsgqvfy71nk7xq6899qzx0k2r4p6-texlive-2024-env-texmfdist/tex/gen
eric/intcalc/intcalc.sty
Package: intcalc 2019/12/15 v1.3 Expandable calculations with integers (HO)
)
\Hy@SavedSpaceFactor=\count283

(/nix/store/x5kcgsgqvfy71nk7xq6899qzx0k2r4p6-texlive-2024-env-texmfdist/tex/lat
ex/hyperref/puenc.def
File: puenc.def 2024-07-10 v7.01j Hyperref: PDF Unicode definition (HO)
)
Package hyperref Info: Hyper figures OFF on input line 4157.
Package hyperref Info: Link nesting OFF on input line 4162.
Package hyperref Info: Hyper index ON on input line 4165.
Package hyperref Info: Plain pages OFF on input line 4172.
Package hyperref Info: Backreferencing OFF on input line 4177.
Package hyperref Info: Implicit mode ON; LaTeX internals redefined.
Package hyperref Info: Bookmarks ON on input line 4424.
\c@Hy@tempcnt=\count284

(/nix/store/x5kcgsgqvfy71nk7xq6899qzx0k2r4p6-texlive-2024-env-texmfdist/tex/lat
ex/url/url.sty
\Urlmuskip=\muskip18
Package: url 2013/09/16  ver 3.4  Verb mode for urls, etc.
)
LaTeX Info: Redefining \url on input line 4763.
\XeTeXLinkMargin=\dimen151

(/nix/store/x5kcgsgqvfy71nk7xq6899qzx0k2r4p6-texlive-2024-env-texmfdist/tex/gen
eric/bitset/bitset.sty
Package: bitset 2019/12/09 v1.3 Handle bit-vector datatype (HO)

(/nix/store/x5kcgsgqvfy71nk7xq6899qzx0k2r4p6-texlive-2024-env-texmfdist/tex/gen
eric/bigintcalc/bigintcalc.sty
Package: bigintcalc 2019/12/15 v1.5 Expandable calculations on big integers (HO
)
))
\Fld@menulength=\count285
\Field@Width=\dimen152
\Fld@charsize=\dimen153
Package hyperref Info: Hyper figures OFF on input line 6042.
Package hyperref Info: Link nesting OFF on input line 6047.
Package hyperref Info: Hyper index ON on input line 6050.
Package hyperref Info: backreferencing OFF on input line 6057.
Package hyperref Info: Link coloring OFF on input line 6062.
Package hyperref Info: Link coloring with OCG OFF on input line 6067.
Package hyperref Info: PDF/A mode OFF on input line 6072.

(/nix/store/x5kcgsgqvfy71nk7xq6899qzx0k2r4p6-texlive-2024-env-texmfdist/tex/lat
ex/base/atbegshi-ltx.sty
Package: atbegshi-ltx 2021/01/10 v1.0c Emulation of the original atbegshi
package with kernel methods
)
\Hy@abspage=\count286
\c@Item=\count287
\c@Hfootnote=\count288
)
Package hyperref Info: Driver (autodetected): hluatex.

(/nix/store/x5kcgsgqvfy71nk7xq6899qzx0k2r4p6-texlive-2024-env-texmfdist/tex/lat
ex/hyperref/hluatex.def
File: hluatex.def 2024-07-10 v7.01j Hyperref driver for luaTeX

(/nix/store/x5kcgsgqvfy71nk7xq6899qzx0k2r4p6-texlive-2024-env-texmfdist/tex/lat
ex/base/atveryend-ltx.sty
Package: atveryend-ltx 2020/08/19 v1.0a Emulation of the original atveryend pac
kage
with kernel methods
)
\Fld@listcount=\count289
\c@bookmark@seq@number=\count290

(/nix/store/x5kcgsgqvfy71nk7xq6899qzx0k2r4p6-texlive-2024-env-texmfdist/tex/lat
ex/rerunfilecheck/rerunfilecheck.sty
Package: rerunfilecheck 2022-07-10 v1.10 Rerun checks for auxiliary files (HO)

(/nix/store/x5kcgsgqvfy71nk7xq6899qzx0k2r4p6-texlive-2024-env-texmfdist/tex/gen
eric/uniquecounter/uniquecounter.sty
Package: uniquecounter 2019/12/15 v1.4 Provide unlimited unique counter (HO)
)
Package uniquecounter Info: New unique counter `rerunfilecheck' on input line 2
85.
)
\Hy@SectionHShift=\skip54
)
(/nix/store/x5kcgsgqvfy71nk7xq6899qzx0k2r4p6-texlive-2024-env-texmfdist/tex/gen
eric/babel/babel.sty
Package: babel 2024/10/20 v24.12 The multilingual framework for pdfLaTeX, LuaLa
TeX and XeLaTeX

(/nix/store/x5kcgsgqvfy71nk7xq6899qzx0k2r4p6-texlive-2024-env-texmfdist/tex/gen
eric/babel/luababel.def
\bbl@readstream=\read2
\l@dumylang=\language2
Package babel Info: Non-standard hyphenation setup on input line 118.
\l@nohyphenation=\language3
\l@vietnamese=\language4
\l@hebrew=\language5
\l@german-x-2024-02-28=\language6
\l@ngerman-x-2024-02-28=\language7
\l@afrikaans=\language8
\l@ancientgreek=\language9
\l@ibycus=\language10
\l@arabic=\language11
\l@armenian=\language12
\l@basque=\language13
\l@belarusian=\language14
\l@bulgarian=\language15
\l@catalan=\language16
\l@pinyin=\language17
\l@churchslavonic=\language18
\l@coptic=\language19
\l@croatian=\language20
\l@czech=\language21
\l@danish=\language22
\l@dutch=\language23
\l@ukenglish=\language24
\l@usenglishmax=\language25
\l@esperanto=\language26
\l@estonian=\language27
\l@ethiopic=\language28
\l@farsi=\language29
\l@finnish=\language30
\l@schoolfinnish=\language31
\l@french=\language32
\l@friulan=\language33
\l@galician=\language34
\l@georgian=\language35
\l@german=\language36
\l@ngerman=\language37
\l@swissgerman=\language38
\l@greek=\language39
\l@monogreek=\language40
\l@hungarian=\language41
\l@icelandic=\language42
\l@assamese=\language43
\l@bengali=\language44
\l@gujarati=\language45
\l@hindi=\language46
\l@kannada=\language47
\l@malayalam=\language48
\l@marathi=\language49
\l@oriya=\language50
\l@pali=\language51
\l@panjabi=\language52
\l@tamil=\language53
\l@telugu=\language54
\l@indonesian=\language55
\l@interlingua=\language56
\l@irish=\language57
\l@italian=\language58
\l@kurmanji=\language59
\l@classiclatin=\language60
\l@latin=\language61
\l@liturgicallatin=\language62
\l@latvian=\language63
\l@lithuanian=\language64
\l@macedonian=\language65
\l@mongolian=\language66
\l@mongolianlmc=\language67
\l@bokmal=\language68
\l@nynorsk=\language69
\l@occitan=\language70
\l@piedmontese=\language71
\l@polish=\language72
\l@portuguese=\language73
\l@romanian=\language74
\l@romansh=\language75
\l@russian=\language76
\l@sanskrit=\language77
\l@serbian=\language78
\l@serbianc=\language79
\l@slovak=\language80
\l@slovenian=\language81
\l@spanish=\language82
\l@swedish=\language83
\l@thai=\language84
\l@turkish=\language85
\l@turkmen=\language86
\l@ukrainian=\language87
\l@uppersorbian=\language88
\l@welsh=\language89
\babelcatcodetablenum=\catcodetable14
\bbl@pattcodes=\catcodetable15
)
\babel@savecnt=\count291
\U@D=\dimen154
\l@unhyphenated=\language90

(/nix/store/x5kcgsgqvfy71nk7xq6899qzx0k2r4p6-texlive-2024-env-texmfdist/tex/gen
eric/babel/luababel.def
\bbl@attr@locale=\attribute4
)
(/nix/store/x5kcgsgqvfy71nk7xq6899qzx0k2r4p6-texlive-2024-env-texmfdist/tex/gen
eric/babel-russian/russianb.ldf
File: russianb.ldf 2021/01/10 1.3m Russian support for the Babel system
Language: russian 2020/09/09 1.3k Russian support for the Babel system
Package babel Info: Making " an active character on input line 124.
Package babel Info: Default for \cyrdash is provided on input line 163.

(/nix/store/x5kcgsgqvfy71nk7xq6899qzx0k2r4p6-texlive-2024-env-texmfdist/tex/gen
eric/hyph-utf8/loadhyph/loadhyph-ru.tex UTF-8 Russian hyphenation patterns
(/nix/store/x5kcgsgqvfy71nk7xq6899qzx0k2r4p6-texlive-2024-env-texmfdist/tex/gen
eric/hyph-utf8/patterns/tex/hyph-ru.tex))))
(/nix/store/x5kcgsgqvfy71nk7xq6899qzx0k2r4p6-texlive-2024-env-texmfdist/tex/gen
eric/babel/locale/ru/babel-russian.tex
Package babel Info: Importing font and identification data for russian
(babel)             from babel-ru.ini. Reported on input line 11.
)
(/nix/store/x5kcgsgqvfy71nk7xq6899qzx0k2r4p6-texlive-2024-env-texmfdist/tex/lat
ex/tikz-cd/tikz-cd.sty
Package: tikz-cd 2021/05/04 v1.0 Commutative diagrams with TikZ

(/nix/store/x5kcgsgqvfy71nk7xq6899qzx0k2r4p6-texlive-2024-env-texmfdist/tex/lat
ex/pgf/frontendlayer/tikz.sty
(/nix/store/x5kcgsgqvfy71nk7xq6899qzx0k2r4p6-texlive-2024-env-texmfdist/tex/lat
ex/pgf/basiclayer/pgf.sty
(/nix/store/x5kcgsgqvfy71nk7xq6899qzx0k2r4p6-texlive-2024-env-texmfdist/tex/lat
ex/pgf/utilities/pgfrcs.sty
(/nix/store/x5kcgsgqvfy71nk7xq6899qzx0k2r4p6-texlive-2024-env-texmfdist/tex/gen
eric/pgf/utilities/pgfutil-common.tex
\pgfutil@everybye=\toks24
\pgfutil@tempdima=\dimen155
\pgfutil@tempdimb=\dimen156
)
(/nix/store/x5kcgsgqvfy71nk7xq6899qzx0k2r4p6-texlive-2024-env-texmfdist/tex/gen
eric/pgf/utilities/pgfutil-latex.def
\pgfutil@abb=\box54
)
(/nix/store/x5kcgsgqvfy71nk7xq6899qzx0k2r4p6-texlive-2024-env-texmfdist/tex/gen
eric/pgf/utilities/pgfrcs.code.tex
(/nix/store/x5kcgsgqvfy71nk7xq6899qzx0k2r4p6-texlive-2024-env-texmfdist/tex/gen
eric/pgf/pgf.revision.tex)
Package: pgfrcs 2023-01-15 v3.1.10 (3.1.10)
))
Package: pgf 2023-01-15 v3.1.10 (3.1.10)

(/nix/store/x5kcgsgqvfy71nk7xq6899qzx0k2r4p6-texlive-2024-env-texmfdist/tex/lat
ex/pgf/basiclayer/pgfcore.sty
(/nix/store/x5kcgsgqvfy71nk7xq6899qzx0k2r4p6-texlive-2024-env-texmfdist/tex/lat
ex/graphics/graphicx.sty
Package: graphicx 2021/09/16 v1.2d Enhanced LaTeX Graphics (DPC,SPQR)

(/nix/store/x5kcgsgqvfy71nk7xq6899qzx0k2r4p6-texlive-2024-env-texmfdist/tex/lat
ex/graphics/graphics.sty
Package: graphics 2024/05/23 v1.4g Standard LaTeX Graphics (DPC,SPQR)

(/nix/store/x5kcgsgqvfy71nk7xq6899qzx0k2r4p6-texlive-2024-env-texmfdist/tex/lat
ex/graphics/trig.sty
Package: trig 2023/12/02 v1.11 sin cos tan (DPC)
)
(/nix/store/x5kcgsgqvfy71nk7xq6899qzx0k2r4p6-texlive-2024-env-texmfdist/tex/lat
ex/graphics-cfg/graphics.cfg
File: graphics.cfg 2016/06/04 v1.11 sample graphics configuration
)
Package graphics Info: Driver file: luatex.def on input line 106.

(/nix/store/x5kcgsgqvfy71nk7xq6899qzx0k2r4p6-texlive-2024-env-texmfdist/tex/lat
ex/graphics-def/luatex.def
File: luatex.def 2024/04/13 v1.2e Graphics/color driver for luatex
))
\Gin@req@height=\dimen157
\Gin@req@width=\dimen158
)
(/nix/store/x5kcgsgqvfy71nk7xq6899qzx0k2r4p6-texlive-2024-env-texmfdist/tex/lat
ex/pgf/systemlayer/pgfsys.sty
(/nix/store/x5kcgsgqvfy71nk7xq6899qzx0k2r4p6-texlive-2024-env-texmfdist/tex/gen
eric/pgf/systemlayer/pgfsys.code.tex
Package: pgfsys 2023-01-15 v3.1.10 (3.1.10)

(/nix/store/x5kcgsgqvfy71nk7xq6899qzx0k2r4p6-texlive-2024-env-texmfdist/tex/gen
eric/pgf/utilities/pgfkeys.code.tex
\pgfkeys@pathtoks=\toks25
\pgfkeys@temptoks=\toks26

(/nix/store/x5kcgsgqvfy71nk7xq6899qzx0k2r4p6-texlive-2024-env-texmfdist/tex/gen
eric/pgf/utilities/pgfkeyslibraryfiltered.code.tex
\pgfkeys@tmptoks=\toks27
))
\pgf@x=\dimen159
\pgf@y=\dimen160
\pgf@xa=\dimen161
\pgf@ya=\dimen162
\pgf@xb=\dimen163
\pgf@yb=\dimen164
\pgf@xc=\dimen165
\pgf@yc=\dimen166
\pgf@xd=\dimen167
\pgf@yd=\dimen168
\w@pgf@writea=\write3
\r@pgf@reada=\read3
\c@pgf@counta=\count292
\c@pgf@countb=\count293
\c@pgf@countc=\count294
\c@pgf@countd=\count295
\t@pgf@toka=\toks28
\t@pgf@tokb=\toks29
\t@pgf@tokc=\toks30
\pgf@sys@id@count=\count296

(/nix/store/x5kcgsgqvfy71nk7xq6899qzx0k2r4p6-texlive-2024-env-texmfdist/tex/gen
eric/pgf/systemlayer/pgf.cfg
File: pgf.cfg 2023-01-15 v3.1.10 (3.1.10)
)
Driver file for pgf: pgfsys-luatex.def

(/nix/store/x5kcgsgqvfy71nk7xq6899qzx0k2r4p6-texlive-2024-env-texmfdist/tex/gen
eric/pgf/systemlayer/pgfsys-luatex.def
File: pgfsys-luatex.def 2023-01-15 v3.1.10 (3.1.10)

(/nix/store/x5kcgsgqvfy71nk7xq6899qzx0k2r4p6-texlive-2024-env-texmfdist/tex/gen
eric/pgf/systemlayer/pgfsys-common-pdf.def
File: pgfsys-common-pdf.def 2023-01-15 v3.1.10 (3.1.10)
)))
(/nix/store/x5kcgsgqvfy71nk7xq6899qzx0k2r4p6-texlive-2024-env-texmfdist/tex/gen
eric/pgf/systemlayer/pgfsyssoftpath.code.tex
File: pgfsyssoftpath.code.tex 2023-01-15 v3.1.10 (3.1.10)
\pgfsyssoftpath@smallbuffer@items=\count297
\pgfsyssoftpath@bigbuffer@items=\count298
)
(/nix/store/x5kcgsgqvfy71nk7xq6899qzx0k2r4p6-texlive-2024-env-texmfdist/tex/gen
eric/pgf/systemlayer/pgfsysprotocol.code.tex
File: pgfsysprotocol.code.tex 2023-01-15 v3.1.10 (3.1.10)
))
(/nix/store/x5kcgsgqvfy71nk7xq6899qzx0k2r4p6-texlive-2024-env-texmfdist/tex/lat
ex/xcolor/xcolor.sty
Package: xcolor 2024/09/29 v3.02 LaTeX color extensions (UK)

(/nix/store/x5kcgsgqvfy71nk7xq6899qzx0k2r4p6-texlive-2024-env-texmfdist/tex/lat
ex/graphics-cfg/color.cfg
File: color.cfg 2016/01/02 v1.6 sample color configuration
)
Package xcolor Info: Driver file: luatex.def on input line 274.

(/nix/store/x5kcgsgqvfy71nk7xq6899qzx0k2r4p6-texlive-2024-env-texmfdist/tex/lat
ex/graphics/mathcolor.ltx)
Package xcolor Info: Model `cmy' substituted by `cmy0' on input line 1349.
Package xcolor Info: Model `hsb' substituted by `rgb' on input line 1353.
Package xcolor Info: Model `RGB' extended on input line 1365.
Package xcolor Info: Model `HTML' substituted by `rgb' on input line 1367.
Package xcolor Info: Model `Hsb' substituted by `hsb' on input line 1368.
Package xcolor Info: Model `tHsb' substituted by `hsb' on input line 1369.
Package xcolor Info: Model `HSB' substituted by `hsb' on input line 1370.
Package xcolor Info: Model `Gray' substituted by `gray' on input line 1371.
Package xcolor Info: Model `wave' substituted by `hsb' on input line 1372.
)
(/nix/store/x5kcgsgqvfy71nk7xq6899qzx0k2r4p6-texlive-2024-env-texmfdist/tex/gen
eric/pgf/basiclayer/pgfcore.code.tex
Package: pgfcore 2023-01-15 v3.1.10 (3.1.10)

(/nix/store/x5kcgsgqvfy71nk7xq6899qzx0k2r4p6-texlive-2024-env-texmfdist/tex/gen
eric/pgf/math/pgfmath.code.tex
(/nix/store/x5kcgsgqvfy71nk7xq6899qzx0k2r4p6-texlive-2024-env-texmfdist/tex/gen
eric/pgf/math/pgfmathutil.code.tex)
(/nix/store/x5kcgsgqvfy71nk7xq6899qzx0k2r4p6-texlive-2024-env-texmfdist/tex/gen
eric/pgf/math/pgfmathparser.code.tex
\pgfmath@dimen=\dimen169
\pgfmath@count=\count299
\pgfmath@box=\box55
\pgfmath@toks=\toks31
\pgfmath@stack@operand=\toks32
\pgfmath@stack@operation=\toks33
)
(/nix/store/x5kcgsgqvfy71nk7xq6899qzx0k2r4p6-texlive-2024-env-texmfdist/tex/gen
eric/pgf/math/pgfmathfunctions.code.tex)
(/nix/store/x5kcgsgqvfy71nk7xq6899qzx0k2r4p6-texlive-2024-env-texmfdist/tex/gen
eric/pgf/math/pgfmathfunctions.basic.code.tex)
(/nix/store/x5kcgsgqvfy71nk7xq6899qzx0k2r4p6-texlive-2024-env-texmfdist/tex/gen
eric/pgf/math/pgfmathfunctions.trigonometric.code.tex)
(/nix/store/x5kcgsgqvfy71nk7xq6899qzx0k2r4p6-texlive-2024-env-texmfdist/tex/gen
eric/pgf/math/pgfmathfunctions.random.code.tex)
(/nix/store/x5kcgsgqvfy71nk7xq6899qzx0k2r4p6-texlive-2024-env-texmfdist/tex/gen
eric/pgf/math/pgfmathfunctions.comparison.code.tex)
(/nix/store/x5kcgsgqvfy71nk7xq6899qzx0k2r4p6-texlive-2024-env-texmfdist/tex/gen
eric/pgf/math/pgfmathfunctions.base.code.tex)
(/nix/store/x5kcgsgqvfy71nk7xq6899qzx0k2r4p6-texlive-2024-env-texmfdist/tex/gen
eric/pgf/math/pgfmathfunctions.round.code.tex)
(/nix/store/x5kcgsgqvfy71nk7xq6899qzx0k2r4p6-texlive-2024-env-texmfdist/tex/gen
eric/pgf/math/pgfmathfunctions.misc.code.tex)
(/nix/store/x5kcgsgqvfy71nk7xq6899qzx0k2r4p6-texlive-2024-env-texmfdist/tex/gen
eric/pgf/math/pgfmathfunctions.integerarithmetics.code.tex)
(/nix/store/x5kcgsgqvfy71nk7xq6899qzx0k2r4p6-texlive-2024-env-texmfdist/tex/gen
eric/pgf/math/pgfmathcalc.code.tex)
(/nix/store/x5kcgsgqvfy71nk7xq6899qzx0k2r4p6-texlive-2024-env-texmfdist/tex/gen
eric/pgf/math/pgfmathfloat.code.tex
\c@pgfmathroundto@lastzeros=\count300
))
(/nix/store/x5kcgsgqvfy71nk7xq6899qzx0k2r4p6-texlive-2024-env-texmfdist/tex/gen
eric/pgf/math/pgfint.code.tex)
(/nix/store/x5kcgsgqvfy71nk7xq6899qzx0k2r4p6-texlive-2024-env-texmfdist/tex/gen
eric/pgf/basiclayer/pgfcorepoints.code.tex
File: pgfcorepoints.code.tex 2023-01-15 v3.1.10 (3.1.10)
\pgf@picminx=\dimen170
\pgf@picmaxx=\dimen171
\pgf@picminy=\dimen172
\pgf@picmaxy=\dimen173
\pgf@pathminx=\dimen174
\pgf@pathmaxx=\dimen175
\pgf@pathminy=\dimen176
\pgf@pathmaxy=\dimen177
\pgf@xx=\dimen178
\pgf@xy=\dimen179
\pgf@yx=\dimen180
\pgf@yy=\dimen181
\pgf@zx=\dimen182
\pgf@zy=\dimen183
)
(/nix/store/x5kcgsgqvfy71nk7xq6899qzx0k2r4p6-texlive-2024-env-texmfdist/tex/gen
eric/pgf/basiclayer/pgfcorepathconstruct.code.tex
File: pgfcorepathconstruct.code.tex 2023-01-15 v3.1.10 (3.1.10)
\pgf@path@lastx=\dimen184
\pgf@path@lasty=\dimen185
)
(/nix/store/x5kcgsgqvfy71nk7xq6899qzx0k2r4p6-texlive-2024-env-texmfdist/tex/gen
eric/pgf/basiclayer/pgfcorepathusage.code.tex
File: pgfcorepathusage.code.tex 2023-01-15 v3.1.10 (3.1.10)
\pgf@shorten@end@additional=\dimen186
\pgf@shorten@start@additional=\dimen187
)
(/nix/store/x5kcgsgqvfy71nk7xq6899qzx0k2r4p6-texlive-2024-env-texmfdist/tex/gen
eric/pgf/basiclayer/pgfcorescopes.code.tex
File: pgfcorescopes.code.tex 2023-01-15 v3.1.10 (3.1.10)
\pgfpic=\box56
\pgf@hbox=\box57
\pgf@layerbox@main=\box58
\pgf@picture@serial@count=\count301
)
(/nix/store/x5kcgsgqvfy71nk7xq6899qzx0k2r4p6-texlive-2024-env-texmfdist/tex/gen
eric/pgf/basiclayer/pgfcoregraphicstate.code.tex
File: pgfcoregraphicstate.code.tex 2023-01-15 v3.1.10 (3.1.10)
\pgflinewidth=\dimen188
)
(/nix/store/x5kcgsgqvfy71nk7xq6899qzx0k2r4p6-texlive-2024-env-texmfdist/tex/gen
eric/pgf/basiclayer/pgfcoretransformations.code.tex
File: pgfcoretransformations.code.tex 2023-01-15 v3.1.10 (3.1.10)
\pgf@pt@x=\dimen189
\pgf@pt@y=\dimen190
\pgf@pt@temp=\dimen191
)
(/nix/store/x5kcgsgqvfy71nk7xq6899qzx0k2r4p6-texlive-2024-env-texmfdist/tex/gen
eric/pgf/basiclayer/pgfcorequick.code.tex
File: pgfcorequick.code.tex 2023-01-15 v3.1.10 (3.1.10)
)
(/nix/store/x5kcgsgqvfy71nk7xq6899qzx0k2r4p6-texlive-2024-env-texmfdist/tex/gen
eric/pgf/basiclayer/pgfcoreobjects.code.tex
File: pgfcoreobjects.code.tex 2023-01-15 v3.1.10 (3.1.10)
)
(/nix/store/x5kcgsgqvfy71nk7xq6899qzx0k2r4p6-texlive-2024-env-texmfdist/tex/gen
eric/pgf/basiclayer/pgfcorepathprocessing.code.tex
File: pgfcorepathprocessing.code.tex 2023-01-15 v3.1.10 (3.1.10)
)
(/nix/store/x5kcgsgqvfy71nk7xq6899qzx0k2r4p6-texlive-2024-env-texmfdist/tex/gen
eric/pgf/basiclayer/pgfcorearrows.code.tex
File: pgfcorearrows.code.tex 2023-01-15 v3.1.10 (3.1.10)
\pgfarrowsep=\dimen192
)
(/nix/store/x5kcgsgqvfy71nk7xq6899qzx0k2r4p6-texlive-2024-env-texmfdist/tex/gen
eric/pgf/basiclayer/pgfcoreshade.code.tex
File: pgfcoreshade.code.tex 2023-01-15 v3.1.10 (3.1.10)
\pgf@max=\dimen193
\pgf@sys@shading@range@num=\count302
\pgf@shadingcount=\count303
)
(/nix/store/x5kcgsgqvfy71nk7xq6899qzx0k2r4p6-texlive-2024-env-texmfdist/tex/gen
eric/pgf/basiclayer/pgfcoreimage.code.tex
File: pgfcoreimage.code.tex 2023-01-15 v3.1.10 (3.1.10)
)
(/nix/store/x5kcgsgqvfy71nk7xq6899qzx0k2r4p6-texlive-2024-env-texmfdist/tex/gen
eric/pgf/basiclayer/pgfcoreexternal.code.tex
File: pgfcoreexternal.code.tex 2023-01-15 v3.1.10 (3.1.10)
\pgfexternal@startupbox=\box59
)
(/nix/store/x5kcgsgqvfy71nk7xq6899qzx0k2r4p6-texlive-2024-env-texmfdist/tex/gen
eric/pgf/basiclayer/pgfcorelayers.code.tex
File: pgfcorelayers.code.tex 2023-01-15 v3.1.10 (3.1.10)
)
(/nix/store/x5kcgsgqvfy71nk7xq6899qzx0k2r4p6-texlive-2024-env-texmfdist/tex/gen
eric/pgf/basiclayer/pgfcoretransparency.code.tex
File: pgfcoretransparency.code.tex 2023-01-15 v3.1.10 (3.1.10)
)
(/nix/store/x5kcgsgqvfy71nk7xq6899qzx0k2r4p6-texlive-2024-env-texmfdist/tex/gen
eric/pgf/basiclayer/pgfcorepatterns.code.tex
File: pgfcorepatterns.code.tex 2023-01-15 v3.1.10 (3.1.10)
)
(/nix/store/x5kcgsgqvfy71nk7xq6899qzx0k2r4p6-texlive-2024-env-texmfdist/tex/gen
eric/pgf/basiclayer/pgfcorerdf.code.tex
File: pgfcorerdf.code.tex 2023-01-15 v3.1.10 (3.1.10)
)))
(/nix/store/x5kcgsgqvfy71nk7xq6899qzx0k2r4p6-texlive-2024-env-texmfdist/tex/gen
eric/pgf/modules/pgfmoduleshapes.code.tex
File: pgfmoduleshapes.code.tex 2023-01-15 v3.1.10 (3.1.10)
\pgfnodeparttextbox=\box60
)
(/nix/store/x5kcgsgqvfy71nk7xq6899qzx0k2r4p6-texlive-2024-env-texmfdist/tex/gen
eric/pgf/modules/pgfmoduleplot.code.tex
File: pgfmoduleplot.code.tex 2023-01-15 v3.1.10 (3.1.10)
)
(/nix/store/x5kcgsgqvfy71nk7xq6899qzx0k2r4p6-texlive-2024-env-texmfdist/tex/lat
ex/pgf/compatibility/pgfcomp-version-0-65.sty
Package: pgfcomp-version-0-65 2023-01-15 v3.1.10 (3.1.10)
\pgf@nodesepstart=\dimen194
\pgf@nodesepend=\dimen195
)
(/nix/store/x5kcgsgqvfy71nk7xq6899qzx0k2r4p6-texlive-2024-env-texmfdist/tex/lat
ex/pgf/compatibility/pgfcomp-version-1-18.sty
Package: pgfcomp-version-1-18 2023-01-15 v3.1.10 (3.1.10)
))
(/nix/store/x5kcgsgqvfy71nk7xq6899qzx0k2r4p6-texlive-2024-env-texmfdist/tex/lat
ex/pgf/utilities/pgffor.sty
(/nix/store/x5kcgsgqvfy71nk7xq6899qzx0k2r4p6-texlive-2024-env-texmfdist/tex/lat
ex/pgf/utilities/pgfkeys.sty
(/nix/store/x5kcgsgqvfy71nk7xq6899qzx0k2r4p6-texlive-2024-env-texmfdist/tex/gen
eric/pgf/utilities/pgfkeys.code.tex))
(/nix/store/x5kcgsgqvfy71nk7xq6899qzx0k2r4p6-texlive-2024-env-texmfdist/tex/lat
ex/pgf/math/pgfmath.sty
(/nix/store/x5kcgsgqvfy71nk7xq6899qzx0k2r4p6-texlive-2024-env-texmfdist/tex/gen
eric/pgf/math/pgfmath.code.tex))
(/nix/store/x5kcgsgqvfy71nk7xq6899qzx0k2r4p6-texlive-2024-env-texmfdist/tex/gen
eric/pgf/utilities/pgffor.code.tex
Package: pgffor 2023-01-15 v3.1.10 (3.1.10)
\pgffor@iter=\dimen196
\pgffor@skip=\dimen197
\pgffor@stack=\toks34
\pgffor@toks=\toks35
))
(/nix/store/x5kcgsgqvfy71nk7xq6899qzx0k2r4p6-texlive-2024-env-texmfdist/tex/gen
eric/pgf/frontendlayer/tikz/tikz.code.tex
Package: tikz 2023-01-15 v3.1.10 (3.1.10)

(/nix/store/x5kcgsgqvfy71nk7xq6899qzx0k2r4p6-texlive-2024-env-texmfdist/tex/gen
eric/pgf/libraries/pgflibraryplothandlers.code.tex
File: pgflibraryplothandlers.code.tex 2023-01-15 v3.1.10 (3.1.10)
\pgf@plot@mark@count=\count304
\pgfplotmarksize=\dimen198
)
\tikz@lastx=\dimen199
\tikz@lasty=\dimen256
\tikz@lastxsaved=\dimen257
\tikz@lastysaved=\dimen258
\tikz@lastmovetox=\dimen259
\tikz@lastmovetoy=\dimen260
\tikzleveldistance=\dimen261
\tikzsiblingdistance=\dimen262
\tikz@figbox=\box61
\tikz@figbox@bg=\box62
\tikz@tempbox=\box63
\tikz@tempbox@bg=\box64
\tikztreelevel=\count305
\tikznumberofchildren=\count306
\tikznumberofcurrentchild=\count307
\tikz@fig@count=\count308

(/nix/store/x5kcgsgqvfy71nk7xq6899qzx0k2r4p6-texlive-2024-env-texmfdist/tex/gen
eric/pgf/modules/pgfmodulematrix.code.tex
File: pgfmodulematrix.code.tex 2023-01-15 v3.1.10 (3.1.10)
\pgfmatrixcurrentrow=\count309
\pgfmatrixcurrentcolumn=\count310
\pgf@matrix@numberofcolumns=\count311
)
\tikz@expandcount=\count312

(/nix/store/x5kcgsgqvfy71nk7xq6899qzx0k2r4p6-texlive-2024-env-texmfdist/tex/gen
eric/pgf/frontendlayer/tikz/libraries/tikzlibrarytopaths.code.tex
File: tikzlibrarytopaths.code.tex 2023-01-15 v3.1.10 (3.1.10)
)))
(/nix/store/x5kcgsgqvfy71nk7xq6899qzx0k2r4p6-texlive-2024-env-texmfdist/tex/gen
eric/tikz-cd/tikzlibrarycd.code.tex
(/nix/store/x5kcgsgqvfy71nk7xq6899qzx0k2r4p6-texlive-2024-env-texmfdist/tex/gen
eric/pgf/frontendlayer/tikz/libraries/tikzlibrarymatrix.code.tex
File: tikzlibrarymatrix.code.tex 2023-01-15 v3.1.10 (3.1.10)
)
(/nix/store/x5kcgsgqvfy71nk7xq6899qzx0k2r4p6-texlive-2024-env-texmfdist/tex/gen
eric/pgf/frontendlayer/tikz/libraries/tikzlibraryquotes.code.tex
File: tikzlibraryquotes.code.tex 2023-01-15 v3.1.10 (3.1.10)
)
(/nix/store/x5kcgsgqvfy71nk7xq6899qzx0k2r4p6-texlive-2024-env-texmfdist/tex/gen
eric/pgf/libraries/pgflibraryarrows.meta.code.tex
File: pgflibraryarrows.meta.code.tex 2023-01-15 v3.1.10 (3.1.10)
\pgfarrowinset=\dimen263
\pgfarrowlength=\dimen264
\pgfarrowwidth=\dimen265
\pgfarrowlinewidth=\dimen266
)))
(/nix/store/x5kcgsgqvfy71nk7xq6899qzx0k2r4p6-texlive-2024-env-texmfdist/tex/lat
ex/tools/array.sty
Package: array 2024/06/14 v2.6d Tabular extension package (FMi)
\col@sep=\dimen267
\ar@mcellbox=\box65
\extrarowheight=\dimen268
\NC@list=\toks36
\extratabsurround=\skip55
\backup@length=\skip56
\ar@cellbox=\box66
)
(/nix/store/x5kcgsgqvfy71nk7xq6899qzx0k2r4p6-texlive-2024-env-texmfdist/tex/lat
ex/fontspec/fontspec.sty
(/nix/store/x5kcgsgqvfy71nk7xq6899qzx0k2r4p6-texlive-2024-env-texmfdist/tex/lat
ex/l3packages/xparse/xparse.sty
(/nix/store/x5kcgsgqvfy71nk7xq6899qzx0k2r4p6-texlive-2024-env-texmfdist/tex/lat
ex/l3kernel/expl3.sty
Package: expl3 2024-10-09 L3 programming layer (loader) 

(/nix/store/x5kcgsgqvfy71nk7xq6899qzx0k2r4p6-texlive-2024-env-texmfdist/tex/lat
ex/l3backend/l3backend-luatex.def
File: l3backend-luatex.def 2024-05-08 L3 backend support: PDF output (LuaTeX)
\l__color_backend_stack_int=\count313
Inserting `l3color' in `luaotfload.parse_color'.
\l__pdf_internal_box=\box67
))
Package: xparse 2024-08-16 L3 Experimental document command parser
)
Package: fontspec 2024/05/11 v2.9e Font selection for XeLaTeX and LuaLaTeX
Lua module: fontspec 2024/05/11 2.9e Font selection for XeLaTeX and LuaLaTeX
(/nix/store/x5kcgsgqvfy71nk7xq6899qzx0k2r4p6-texlive-2024-env-texmfdist/tex/lat
ex/fontspec/fontspec-luatex.sty
Package: fontspec-luatex 2024/05/11 v2.9e Font selection for XeLaTeX and LuaLaT
eX
\l__fontspec_script_int=\count314
\l__fontspec_language_int=\count315
\l__fontspec_strnum_int=\count316
\l__fontspec_tmp_int=\count317
\l__fontspec_tmpa_int=\count318
\l__fontspec_tmpb_int=\count319
\l__fontspec_tmpc_int=\count320
\l__fontspec_em_int=\count321
\l__fontspec_emdef_int=\count322
\l__fontspec_strong_int=\count323
\l__fontspec_strongdef_int=\count324
\l__fontspec_tmpa_dim=\dimen269
\l__fontspec_tmpb_dim=\dimen270
\l__fontspec_tmpc_dim=\dimen271

(/nix/store/x5kcgsgqvfy71nk7xq6899qzx0k2r4p6-texlive-2024-env-texmfdist/tex/lat
ex/base/fontenc.sty
Package: fontenc 2021/04/29 v2.0v Standard LaTeX package
)
(/nix/store/x5kcgsgqvfy71nk7xq6899qzx0k2r4p6-texlive-2024-env-texmfdist/tex/lat
ex/fontspec/fontspec.cfg)))
luaotfload | cache : Lookup cache loaded from /Users/giorno/.texlive2024/texmf-v
ar/luatex-cache/generic/names/luaotfload-lookup-cache.luc.

Package fontspec Info: 
(fontspec)             Font family 'LinuxLibertineO(0)' created for font
(fontspec)             'Linux Libertine O' with options [Ligatures=TeX].
(fontspec)              
(fontspec)              This font family consists of the following NFSS
(fontspec)             series/shapes:
(fontspec)              
(fontspec)             - 'normal' (m/n) with NFSS spec.: <->"name:Linux
(fontspec)             Libertine O:mode=node;script=latn;language=dflt;+tlig;"
(fontspec)             - 'small caps'  (m/sc) with NFSS spec.: <->"name:Linux
(fontspec)             Libertine
(fontspec)             O:mode=node;script=latn;language=dflt;+tlig;+smcp;"
(fontspec)             - 'bold' (b/n) with NFSS spec.: <->"name:Linux
(fontspec)             Libertine
(fontspec)             O/B:mode=node;script=latn;language=dflt;+tlig;"
(fontspec)             - 'bold small caps'  (b/sc) with NFSS spec.:
(fontspec)             <->"name:Linux Libertine
(fontspec)             O/B:mode=node;script=latn;language=dflt;+tlig;+smcp;"
(fontspec)             - 'italic' (m/it) with NFSS spec.: <->"name:Linux
(fontspec)             Libertine
(fontspec)             O/I:mode=node;script=latn;language=dflt;+tlig;"
(fontspec)             - 'italic small caps'  (m/scit) with NFSS spec.:
(fontspec)             <->"name:Linux Libertine
(fontspec)             O/I:mode=node;script=latn;language=dflt;+tlig;+smcp;"
(fontspec)             - 'bold italic' (b/it) with NFSS spec.: <->"name:Linux
(fontspec)             Libertine
(fontspec)             O/BI:mode=node;script=latn;language=dflt;+tlig;"
(fontspec)             - 'bold italic small caps'  (b/scit) with NFSS spec.:
(fontspec)             <->"name:Linux Libertine
(fontspec)             O/BI:mode=node;script=latn;language=dflt;+tlig;+smcp;"


(/nix/store/x5kcgsgqvfy71nk7xq6899qzx0k2r4p6-texlive-2024-env-texmfdist/tex/lat
ex/unicode-math/unicode-math.sty
Package: unicode-math 2023/08/13 v0.8r Unicode maths in XeLaTeX and LuaLaTeX

(/nix/store/x5kcgsgqvfy71nk7xq6899qzx0k2r4p6-texlive-2024-env-texmfdist/tex/lat
ex/unicode-math/unicode-math-luatex.sty
Package: unicode-math-luatex 2023/08/13 v0.8r Unicode maths in XeLaTeX and LuaL
aTeX

(/nix/store/x5kcgsgqvfy71nk7xq6899qzx0k2r4p6-texlive-2024-env-texmfdist/tex/lat
ex/l3packages/l3keys2e/l3keys2e.sty
Package: l3keys2e 2024-08-16 LaTeX2e option processing using LaTeX3 keys
)
(/nix/store/x5kcgsgqvfy71nk7xq6899qzx0k2r4p6-texlive-2024-env-texmfdist/tex/lat
ex/base/fix-cm.sty
Package: fix-cm 2020/11/24 v1.1t fixes to LaTeX

(/nix/store/x5kcgsgqvfy71nk7xq6899qzx0k2r4p6-texlive-2024-env-texmfdist/tex/lat
ex/base/ts1enc.def
File: ts1enc.def 2001/06/05 v3.0e (jk/car/fm) Standard LaTeX file
LaTeX Font Info:    Redeclaring font encoding TS1 on input line 47.
))
(/nix/store/x5kcgsgqvfy71nk7xq6899qzx0k2r4p6-texlive-2024-env-texmfdist/tex/lua
latex/lualatex-math/lualatex-math.sty
Package: lualatex-math 2022/01/01 v1.12 Patches for mathematics typesetting wit
h LuaLaTeX
Lua module: lualatex-math 2013/08/03 1.3 Patches for mathematics typesetting wit
h LuaLaTeX)
\g__um_fam_int=\count325
\g__um_fonts_used_int=\count326
\l__um_primecount_int=\count327
\g__um_primekern_muskip=\muskip19

(/nix/store/x5kcgsgqvfy71nk7xq6899qzx0k2r4p6-texlive-2024-env-texmfdist/tex/lat
ex/unicode-math/unicode-math-table.tex)))

Package fontspec Info: 
(fontspec)             Could not resolve font "Cambria Math/B" (it probably
(fontspec)             doesn't exist).


Package fontspec Info: 
(fontspec)             Font family 'CambriaMath(0)' created for font 'Cambria
(fontspec)             Math' with options
(fontspec)             [Renderer=Basic,BoldItalicFont={},ItalicFont={},SmallCap
sFont={},Script=Math,RawFeature={mathfontdimen=xetex}].
(fontspec)              
(fontspec)              This font family consists of the following NFSS
(fontspec)             series/shapes:
(fontspec)              
(fontspec)             - 'normal' (m/n) with NFSS spec.: <->"name:Cambria
(fontspec)             Math:mode=base;script=math;language=dflt;mathfontdimen=x
etex;"


Package fontspec Info: 
(fontspec)             Could not resolve font "Cambria Math/B" (it probably
(fontspec)             doesn't exist).


Package fontspec Info: 
(fontspec)             Font family 'CambriaMath(1)' created for font 'Cambria
(fontspec)             Math' with options
(fontspec)             [Renderer=Basic,BoldItalicFont={},ItalicFont={},SmallCap
sFont={},Script=Math,SizeFeatures={{Size=10.38-},{Size=7.98-10.38,Font=Cambria
(fontspec)             Math,Style=MathScript},{Size=-7.98,Font=Cambria
(fontspec)             Math,Style=MathScriptScript}},RawFeature={mathfontdimen=
xetex}].
(fontspec)              
(fontspec)              This font family consists of the following NFSS
(fontspec)             series/shapes:
(fontspec)              
(fontspec)             - 'normal' (m/n) with NFSS spec.: <10.38->"name:Cambria
(fontspec)             Math:mode=base;script=math;language=dflt;mathfontdimen=x
etex;"<7.98-10.38>"name:Cambria
(fontspec)             Math:mode=base;script=math;language=dflt;mathfontdimen=x
etex;+ssty=0;"<-7.98>"name:Cambria
(fontspec)             Math:mode=base;script=math;language=dflt;mathfontdimen=x
etex;+ssty=1;"

LaTeX Font Info:    Encoding `OT1' has changed to `TU' for symbol font
(Font)              `operators' in the math version `normal' on input line 17.
LaTeX Font Info:    Overwriting symbol font `operators' in version `normal'
(Font)                  OT1/cmr/m/n --> TU/CambriaMath(1)/m/n on input line 17.

LaTeX Font Info:    Encoding `OT1' has changed to `TU' for symbol font
(Font)              `operators' in the math version `bold' on input line 17.
LaTeX Font Info:    Overwriting symbol font `operators' in version `bold'
(Font)                  OT1/cmr/bx/n --> TU/CambriaMath(1)/b/n on input line 17
.

Package fontspec Info: 
(fontspec)             Could not resolve font "Cambria Math/B" (it probably
(fontspec)             doesn't exist).


Package fontspec Info: 
(fontspec)             Font family 'CambriaMath(2)' created for font 'Cambria
(fontspec)             Math' with options
(fontspec)             [Renderer=Basic,BoldItalicFont={},ItalicFont={},SmallCap
sFont={},Script=Math,SizeFeatures={{Size=10.38-},{Size=7.98-10.38,Font=Cambria
(fontspec)             Math,Style=MathScript},{Size=-7.98,Font=Cambria
(fontspec)             Math,Style=MathScriptScript}},RawFeature={mathfontdimen=
xetex},RawFeature={mathfontdimen=tex2}].
(fontspec)              
(fontspec)              This font family consists of the following NFSS
(fontspec)             series/shapes:
(fontspec)              
(fontspec)             - 'normal' (m/n) with NFSS spec.: <10.38->"name:Cambria
(fontspec)             Math:mode=base;script=math;language=dflt;mathfontdimen=x
etex;mathfontdimen=tex2;"<7.98-10.38>"name:Cambria
(fontspec)             Math:mode=base;script=math;language=dflt;mathfontdimen=x
etex;mathfontdimen=tex2;+ssty=0;"<-7.98>"name:Cambria
(fontspec)             Math:mode=base;script=math;language=dflt;mathfontdimen=x
etex;mathfontdimen=tex2;+ssty=1;"

LaTeX Font Info:    Encoding `OMS' has changed to `TU' for symbol font
(Font)              `symbols' in the math version `normal' on input line 17.
LaTeX Font Info:    Overwriting symbol font `symbols' in version `normal'
(Font)                  OMS/cmsy/m/n --> TU/CambriaMath(2)/m/n on input line 17
.
LaTeX Font Info:    Encoding `OMS' has changed to `TU' for symbol font
(Font)              `symbols' in the math version `bold' on input line 17.
LaTeX Font Info:    Overwriting symbol font `symbols' in version `bold'
(Font)                  OMS/cmsy/b/n --> TU/CambriaMath(2)/b/n on input line 17
.

Package fontspec Info: 
(fontspec)             Could not resolve font "Cambria Math/B" (it probably
(fontspec)             doesn't exist).


Package fontspec Info: 
(fontspec)             Font family 'CambriaMath(3)' created for font 'Cambria
(fontspec)             Math' with options
(fontspec)             [Renderer=Basic,BoldItalicFont={},ItalicFont={},SmallCap
sFont={},Script=Math,SizeFeatures={{Size=10.38-},{Size=7.98-10.38,Font=Cambria
(fontspec)             Math,Style=MathScript},{Size=-7.98,Font=Cambria
(fontspec)             Math,Style=MathScriptScript}},RawFeature={mathfontdimen=
xetex},RawFeature={mathfontdimen=tex3}].
(fontspec)              
(fontspec)              This font family consists of the following NFSS
(fontspec)             series/shapes:
(fontspec)              
(fontspec)             - 'normal' (m/n) with NFSS spec.: <10.38->"name:Cambria
(fontspec)             Math:mode=base;script=math;language=dflt;mathfontdimen=x
etex;mathfontdimen=tex3;"<7.98-10.38>"name:Cambria
(fontspec)             Math:mode=base;script=math;language=dflt;mathfontdimen=x
etex;mathfontdimen=tex3;+ssty=0;"<-7.98>"name:Cambria
(fontspec)             Math:mode=base;script=math;language=dflt;mathfontdimen=x
etex;mathfontdimen=tex3;+ssty=1;"

LaTeX Font Info:    Encoding `OMX' has changed to `TU' for symbol font
(Font)              `largesymbols' in the math version `normal' on input line 1
7.
LaTeX Font Info:    Overwriting symbol font `largesymbols' in version `normal'
(Font)                  OMX/cmex/m/n --> TU/CambriaMath(3)/m/n on input line 17
.
LaTeX Font Info:    Encoding `OMX' has changed to `TU' for symbol font
(Font)              `largesymbols' in the math version `bold' on input line 17.

LaTeX Font Info:    Overwriting symbol font `largesymbols' in version `bold'
(Font)                  OMX/cmex/m/n --> TU/CambriaMath(3)/b/n on input line 17
.
LaTeX Font Info:    Trying to load font information for U+msa on input line 17.


(/nix/store/x5kcgsgqvfy71nk7xq6899qzx0k2r4p6-texlive-2024-env-texmfdist/tex/lat
ex/amsfonts/umsa.fd
File: umsa.fd 2013/01/14 v3.01 AMS symbols A
)
LaTeX Font Info:    Trying to load font information for U+msb on input line 17.


(/nix/store/x5kcgsgqvfy71nk7xq6899qzx0k2r4p6-texlive-2024-env-texmfdist/tex/lat
ex/amsfonts/umsb.fd
File: umsb.fd 2013/01/14 v3.01 AMS symbols B
) (./notes_nmu_alg_1_2024.aux)
\openout1 = notes_nmu_alg_1_2024.aux

LaTeX Font Info:    Checking defaults for OML/cmm/m/it on input line 26.
LaTeX Font Info:    ... okay on input line 26.
LaTeX Font Info:    Checking defaults for OMS/cmsy/m/n on input line 26.
LaTeX Font Info:    ... okay on input line 26.
LaTeX Font Info:    Checking defaults for OT1/cmr/m/n on input line 26.
LaTeX Font Info:    ... okay on input line 26.
LaTeX Font Info:    Checking defaults for T1/cmr/m/n on input line 26.
LaTeX Font Info:    ... okay on input line 26.
LaTeX Font Info:    Checking defaults for TS1/cmr/m/n on input line 26.
LaTeX Font Info:    ... okay on input line 26.
LaTeX Font Info:    Checking defaults for TU/lmr/m/n on input line 26.
LaTeX Font Info:    ... okay on input line 26.
LaTeX Font Info:    Checking defaults for OMX/cmex/m/n on input line 26.
LaTeX Font Info:    ... okay on input line 26.
LaTeX Font Info:    Checking defaults for U/cmr/m/n on input line 26.
LaTeX Font Info:    ... okay on input line 26.
LaTeX Font Info:    Checking defaults for PD1/pdf/m/n on input line 26.
LaTeX Font Info:    ... okay on input line 26.
LaTeX Font Info:    Checking defaults for PU/pdf/m/n on input line 26.
LaTeX Font Info:    ... okay on input line 26.
Package hyperref Info: Link coloring OFF on input line 26.
 (./notes_nmu_alg_1_2024.out)
(./notes_nmu_alg_1_2024.out)
\@outlinefile=\write4

\openout4 = notes_nmu_alg_1_2024.out
LaTeX Info: Redefining \th on input line 26.

(/nix/store/x5kcgsgqvfy71nk7xq6899qzx0k2r4p6-texlive-2024-env-texmfdist/tex/con
text/base/mkii/supp-pdf.mkii
[Loading MPS to PDF converter (version 2006.09.02).]
\scratchcounter=\count328
\scratchdimen=\dimen272
\scratchbox=\box68
\nofMPsegments=\count329
\nofMParguments=\count330
\everyMPshowfont=\toks37
\MPscratchCnt=\count331
\MPscratchDim=\dimen273
\MPnumerator=\count332
\makeMPintoPDFobject=\count333
\everyMPtoPDFconversion=\toks38
)
(/nix/store/x5kcgsgqvfy71nk7xq6899qzx0k2r4p6-texlive-2024-env-texmfdist/tex/lat
ex/epstopdf-pkg/epstopdf-base.sty
Package: epstopdf-base 2020-01-24 v2.11 Base part for package epstopdf
Package epstopdf-base Info: Redefining graphics rule for `.eps' on input line 4
85.

(/nix/store/x5kcgsgqvfy71nk7xq6899qzx0k2r4p6-texlive-2024-env-texmfdist/tex/lat
ex/latexconfig/epstopdf-sys.cfg
File: epstopdf-sys.cfg 2010/07/13 v1.3 Configuration of (r)epstopdf for TeX Liv
e
))
LaTeX Font Info:    Overwriting math alphabet `\mathrm' in version `normal'
(Font)                  TU/CambriaMath(1)/m/n --> TU/LinuxLibertineO(0)/m/n on 
input line 26.
LaTeX Font Info:    Overwriting math alphabet `\mathit' in version `normal'
(Font)                  OT1/cmr/m/it --> TU/LinuxLibertineO(0)/m/it on input li
ne 26.
LaTeX Font Info:    Overwriting math alphabet `\mathbf' in version `normal'
(Font)                  OT1/cmr/bx/n --> TU/LinuxLibertineO(0)/b/n on input lin
e 26.
LaTeX Font Info:    Overwriting math alphabet `\mathsf' in version `normal'
(Font)                  OT1/cmss/m/n --> TU/lmss/m/n on input line 26.
LaTeX Font Info:    Overwriting math alphabet `\mathsf' in version `bold'
(Font)                  OT1/cmss/bx/n --> TU/lmss/b/n on input line 26.
LaTeX Font Info:    Overwriting math alphabet `\mathtt' in version `normal'
(Font)                  OT1/cmtt/m/n --> TU/lmtt/m/n on input line 26.
LaTeX Font Info:    Overwriting math alphabet `\mathtt' in version `bold'
(Font)                  OT1/cmtt/m/n --> TU/lmtt/b/n on input line 26.


[1


{/nix/store/y8r9lk8m298rj4hm7k6qd1hp561ymy00-texlive-2024-env/share/texmf-var/fo
nts/map/pdftex/updmap/pdftex.map}]

LaTeX Font Info:    Font shape `TU/LinuxLibertineO(0)/m/sl' in size <12> not av
ailable
(Font)              Font shape `TU/LinuxLibertineO(0)/m/it' tried instead on in
put line 28.
[2

]
Глава 1.


[3]

[4]
Overfull \hbox (24.00362pt too wide) in paragraph at lines 154--157
\TU/LinuxLibertineO(0)/m/n/12 где $\TU/CambriaMath(1)/m/n/12 𝑅 = 𝑍[](
ℳ𝒶𝓉[](𝐾)[𝑡])$\TU/LinuxLibertineO(0)/m/n/12 , а устро-е-н
о оно вы-чис-ле-ни-ем в $\TU/CambriaMath(1)/m/n/12 𝐴$\TU/Lin
uxLibertineO(0)/m/n/12 , то есть $\TU/CambriaMath(1)/m/n/12 𝜙([] 𝐵[
]𝑡[]) =
 []



[5]
Missing character: There is no н (U+043D) in font cmmi12!
Missing character: There is no н (U+043D) in font cmmi12!
Missing character: There is no и (U+0438) in font cmmi12!
Missing character: There is no и (U+0438) in font cmmi12!
Missing character: There is no л (U+043B) in font cmmi12!
Missing character: There is no л (U+043B) in font cmmi12!
Missing character: There is no ь (U+044C) in font cmmi12!
Missing character: There is no ь (U+044C) in font cmmi12!
Missing character: There is no п (U+043F) in font cmmi12!
Missing character: There is no п (U+043F) in font cmmi12!
Missing character: There is no о (U+043E) in font cmmi12!
Missing character: There is no о (U+043E) in font cmmi12!
Missing character: There is no т (U+0442) in font cmmi12!
Missing character: There is no т (U+0442) in font cmmi12!
Missing character: There is no е (U+0435) in font cmmi12!
Missing character: There is no е (U+0435) in font cmmi12!
Missing character: There is no н (U+043D) in font cmmi12!
Missing character: There is no н (U+043D) in font cmmi12!
Missing character: There is no т (U+0442) in font cmmi12!


[6]
Глава 2.

Overfull \hbox (0.96333pt too wide) in paragraph at lines 216--219
[]\TU/LinuxLibertineO(0)/b/n/12 Утвер-жде-ние: \TU/LinuxLibertineO(0
)/m/n/12 Пусть $\TU/CambriaMath(1)/m/n/12 𝑓 ∶ 𝕂 → 𝕃$ \TU/Linu
xLibertineO(0)/m/n/12 – го-мо-мор-физм по-лей. То-гда $
[]\TU/CambriaMath(1)/m/n/12 (𝕂) =
 []



[7

]

[8]
Overfull \hbox (3.18018pt too wide) in paragraph at lines 322--327
[]\TU/LinuxLibertineO(0)/b/n/12 След-ствие: \TU/LinuxLibertineO(0)/m/n
/12 Пусть $\TU/CambriaMath(1)/m/n/12 𝐾 ≤ 𝐿$\TU/LinuxLibertineO(0)/
m/n/12 , $\TU/CambriaMath(1)/m/n/12 𝛼[] ∈ 𝐿$ \TU/LinuxLibertineO(0)/m/n
/12 – ал-геб-ра-ич-ны над $\TU/CambriaMath(1)/m/n/12 𝐾$ \TU/
LinuxLibertineO(0)/m/n/12 и $\TU/CambriaMath(1)/m/n/12 𝐿 = 𝐾(𝛼[], 
… , 𝛼[])$\TU/LinuxLibertineO(0)/m/n/12 ,
 []



[9]
Overfull \hbox (4.77795pt too wide) in paragraph at lines 383--389
[]\TU/LinuxLibertineO(0)/m/n/12 То-гда по лем-ме есть по-л
е $\TU/CambriaMath(1)/m/n/12 𝐿$ \TU/LinuxLibertineO(0)/m/n/12 в ко-то-
ром най-дут-ся $\TU/CambriaMath(1)/m/n/12 𝛼[], … , 𝛼[] ∈ 
𝐿$\TU/LinuxLibertineO(0)/m/n/12 , что $\TU/CambriaMath(1)/m/n/12 𝑓[](
𝛼[]) =
 []



[10]

[11]

[12]

[13]

[14]

[15]
Overfull \hbox (11.6015pt too wide) in paragraph at lines 645--647
[]\TU/LinuxLibertineO(0)/b/n/12 Утвер-жде-ние: \TU/LinuxLibertineO(0
)/m/n/12 Нор-маль-ность $\TU/CambriaMath(1)/m/n/12 𝐿/𝐾$ \TU/L
inuxLibertineO(0)/m/n/12 эк-ви-ва-лент-на то-му, что $\TU/Ca
mbriaMath(1)/m/n/12 𝐿$ \TU/LinuxLibertineO(0)/m/n/12 – по-ле разл
о-
 []



[16]
Overfull \hbox (6.837pt too wide) in paragraph at lines 687--696
[]\TU/LinuxLibertineO(0)/b/n/12 До-ка-за-тель-ство: \TU/LinuxLibe
rtineO(0)/m/n/12 Ес-ли мно-го-член не се-па-ра-бе-ле
н, то $\TU/CambriaMath(1)/m/n/12 𝑑 = (𝑓(𝑥), 𝑓[](𝑥)) ≠
 []



[17]
! Missing \endcsname inserted.
<to be read again> 
\mitrho 
l.768 \end{tikzcd}
                
? 
! Emergency stop.
<to be read again> 
\mitrho 
l.768 \end{tikzcd}
                
End of file on the terminal!



Here is how much of LuaTeX's memory you used:
 29494 strings out of 475910
 100000,1373583 words of node,token memory allocated 22181 words of node memory still in use:
   215 hlist, 13 vlist, 7 rule, 181 disc, 6 local_par, 3 dir, 179 math, 534 glue
, 61 kern, 35 penalty, 2 sub_mlist, 1101 glyph, 1245 attribute, 66 glue_spec, 62
4 attribute_list, 2 temp, 3 if_stack, 250 pdf_literal, 4 pdf_colorstack nodes
   avail lists: 2:6,3:44,4:20,5:361,6:23,7:5231,8:62,9:200,10:16,11:674
 51469 multiletter control sequences out of 65536+600000
 108 fonts using 53795071 bytes
 116i,14n,114p,481b,1026s stack positions out of 10000i,1000n,20000p,200000b,200000s
!  ==> Fatal error occurred, no output PDF file produced!
